----------------------------------------
[INFO LOG]
[2025-01-03 03:08:08]
=> /home/ywatanabe/proj/llemacs/README.md: L35
Starting report generation
----------------------------------------
[INFO LOG]
[2025-01-03 03:23:20]
=> /home/ywatanabe/proj/llemacs/README.md: L35
Executing Python plot script
----------------------------------------
[INFO LOG]
[2025-01-03 03:23:21]
=> /home/ywatanabe/proj/llemacs/README.md: L35
Creating org report
----------------------------------------
[INFO LOG]
[2025-01-03 03:23:23]
=> /home/ywatanabe/proj/llemacs/README.md: L35
Opening report in buffer
