----------------------------------------
[PROMPT LOG]
[2025-01-02 17:55:05]
=> /home/ywatanabe/proj/llemacs/llemacs.el/05-llemacs-run/run-prompt.el: L18
hi
----------------------------------------
[PROMPT LOG]
[2025-01-02 17:56:38]
=> /home/ywatanabe/proj/llemacs/llemacs.el/05-llemacs-run/run-prompt.el: L18
hi
----------------------------------------
[PROMPT LOG]
[2025-01-02 17:56:38]
=> /home/ywatanabe/proj/llemacs/llemacs.el/05-llemacs-run/run-prompt.el: L18
hi
----------------------------------------
[PROMPT LOG]
[2025-01-02 18:04:27]
=> /home/ywatanabe/proj/llemacs/llemacs.el/05-llemacs-run/run-prompt.el: L21
plot something
# Role: elisp-generator
* Generate Emacs Lisp code following best practices
* Focus on compatibility and maintainability
* Ensure proper error handling
* Provide comprehensive documentation

# Task: code-generation
* Write clean, efficient code
* Follow language conventions
* Include proper documentation
* Handle edge cases
* Ensure maintainability

# Rules: code-elisp-format
* Return only one Elisp code block, using the progn command
* Code must be wrapped with this code block marker: ```elisp\n(progn\nYOUR CODE\n)\n```
* Code must be executable, complete, and evaluatable
* External tools (shell commands, python, latex, and so on) can be accessible as long as your code is written in Elisp

# Tool
* Emacs built-in functions


----------------------------------------
[PROMPT LOG]
[2025-01-02 18:05:30]
=> /home/ywatanabe/proj/llemacs/llemacs.el/05-llemacs-run/run-prompt.el: L21
plot something
# Role: elisp-generator
* Generate Emacs Lisp code following best practices
* Focus on compatibility and maintainability
* Ensure proper error handling
* Provide comprehensive documentation

# Task: code-generation
* Write clean, efficient code
* Follow language conventions
* Include proper documentation
* Handle edge cases
* Ensure maintainability

# Rules: code-elisp-format
* Return only one Elisp code block, using the progn command
* Code must be wrapped with this code block marker: ```elisp\n(progn\nYOUR CODE\n)\n```
* Code must be executable, complete, and evaluatable
* External tools (shell commands, python, latex, and so on) can be accessible as long as your code is written in Elisp

# Tool
* Emacs built-in functions


----------------------------------------
[PROMPT LOG]
[2025-01-02 18:13:24]
=> /home/ywatanabe/proj/llemacs/.README.md: L11
hi
# Role: elisp-generator
* Generate Emacs Lisp code following best practices
* Focus on compatibility and maintainability
* Ensure proper error handling
* Provide comprehensive documentation

# Task: code-generation
* Write clean, efficient code
* Follow language conventions
* Include proper documentation
* Handle edge cases
* Ensure maintainability

# Rules: code-elisp-format
* Return only one Elisp code block, using the progn command
* Code must be wrapped with this code block marker: ```elisp\n(progn\nYOUR CODE\n)\n```
* Code must be executable, complete, and evaluatable
* External tools (shell commands, python, latex, and so on) can be accessible as long as your code is written in Elisp

# Example Output: elisp
```elisp
(progn
  (let* ((title "sample-plot")
         (timestamp (format-time-string (concat "%Y%m%d-%H%M%S-" title)))
         (user-dir (expand-file-name (user-login-name) "/workspace"))
         (work-dir (expand-file-name timestamp user-dir))
         (script-path (expand-file-name "plot.py" work-dir))
         (image-path (expand-file-name "plot.jpg" work-dir))
         (org-file (expand-file-name "report.org" work-dir))
         (pdf-file (expand-file-name "report.pdf" work-dir))
         (width 400)
         (py-code "
import matplotlib
matplotlib.use('Agg')
import matplotlib.pyplot as plt
import numpy as np
plt.figure(figsize=(12, 8), dpi=100)
x = np.linspace(0, 10, 100)
y = np.sin(x)
plt.plot(x, y)
plt.xlabel('x')
plt.ylabel('sin(x)')
plt.title('Simple Plot')
plt.grid(True)
plt.savefig('plot.jpg', bbox_inches='tight')
"))
    (make-directory work-dir t)
    (cd work-dir)
    (with-temp-file script-path
      (insert py-code))
    (shell-command (format "cd %s && source /workspace/.env/bin/activate && python3 %s"
                          work-dir script-path))
    (sleep-for 1)
    (with-temp-file org-file

      (insert (format "#+TITLE: LLEMACS Report\n"))
      (insert (format "#+DATE: %s\n\n" timestamp))
      (insert (format "* Working Directory\n%s\n\n" work-dir))
      (insert "* Scripts\n")
      (insert (format "[[file:%s]]\n\n" script-path))
      (insert "* Figures\n")
      (insert (format "#+ATTR_HTML: :width %d\n" width))
      (insert "#+ATTR_LATEX: :float t :placement [H]\n")
      (insert (format "[[file:%s]]\n\n" image-path)))
    (let ((buf (find-file-noselect org-file)))
      (with-current-buffer buf
        (let ((org-latex-pdf-process '("pdflatex -shell-escape -interaction nonstopmode -output-directory %o %f"
                                     "pdflatex -shell-escape -interaction nonstopmode -output-directory %o %f"))
              (org-latex-image-default-width "0.8\\linewidth"))
          (org-latex-export-to-pdf))
        (when (file-exists-p pdf-file)
          (goto-char (point-max))
          (insert "\n* PDF\n")
          (insert (format "[[file:%s]]\n\n" pdf-file))
          (save-buffer)
          (revert-buffer t t)
          (org-inline-anim-mode 1)
          (org-display-inline-images)
          (let ((buffer-save-without-query t))
              (save-buffer))
          (revert-buffer t t)))
      (pop-to-buffer buf))))

# Tool
* Emacs built-in functions


----------------------------------------
[PROMPT LOG]
[2025-01-02 18:13:36]
=> /home/ywatanabe/proj/llemacs/.README.md: L12
plot something
# Role: elisp-generator
* Generate Emacs Lisp code following best practices
* Focus on compatibility and maintainability
* Ensure proper error handling
* Provide comprehensive documentation

# Task: code-generation
* Write clean, efficient code
* Follow language conventions
* Include proper documentation
* Handle edge cases
* Ensure maintainability

# Rules: code-elisp-format
* Return only one Elisp code block, using the progn command
* Code must be wrapped with this code block marker: ```elisp\n(progn\nYOUR CODE\n)\n```
* Code must be executable, complete, and evaluatable
* External tools (shell commands, python, latex, and so on) can be accessible as long as your code is written in Elisp

# Example Output: elisp
```elisp
(progn
  (let* ((title "sample-plot")
         (timestamp (format-time-string (concat "%Y%m%d-%H%M%S-" title)))
         (user-dir (expand-file-name (user-login-name) "/workspace"))
         (work-dir (expand-file-name timestamp user-dir))
         (script-path (expand-file-name "plot.py" work-dir))
         (image-path (expand-file-name "plot.jpg" work-dir))
         (org-file (expand-file-name "report.org" work-dir))
         (pdf-file (expand-file-name "report.pdf" work-dir))
         (width 400)
         (py-code "
import matplotlib
matplotlib.use('Agg')
import matplotlib.pyplot as plt
import numpy as np
plt.figure(figsize=(12, 8), dpi=100)
x = np.linspace(0, 10, 100)
y = np.sin(x)
plt.plot(x, y)
plt.xlabel('x')
plt.ylabel('sin(x)')
plt.title('Simple Plot')
plt.grid(True)
plt.savefig('plot.jpg', bbox_inches='tight')
"))
    (make-directory work-dir t)
    (cd work-dir)
    (with-temp-file script-path
      (insert py-code))
    (shell-command (format "cd %s && source /workspace/.env/bin/activate && python3 %s"
                          work-dir script-path))
    (sleep-for 1)
    (with-temp-file org-file

      (insert (format "#+TITLE: LLEMACS Report\n"))
      (insert (format "#+DATE: %s\n\n" timestamp))
      (insert (format "* Working Directory\n%s\n\n" work-dir))
      (insert "* Scripts\n")
      (insert (format "[[file:%s]]\n\n" script-path))
      (insert "* Figures\n")
      (insert (format "#+ATTR_HTML: :width %d\n" width))
      (insert "#+ATTR_LATEX: :float t :placement [H]\n")
      (insert (format "[[file:%s]]\n\n" image-path)))
    (let ((buf (find-file-noselect org-file)))
      (with-current-buffer buf
        (let ((org-latex-pdf-process '("pdflatex -shell-escape -interaction nonstopmode -output-directory %o %f"
                                     "pdflatex -shell-escape -interaction nonstopmode -output-directory %o %f"))
              (org-latex-image-default-width "0.8\\linewidth"))
          (org-latex-export-to-pdf))
        (when (file-exists-p pdf-file)
          (goto-char (point-max))
          (insert "\n* PDF\n")
          (insert (format "[[file:%s]]\n\n" pdf-file))
          (save-buffer)
          (revert-buffer t t)
          (org-inline-anim-mode 1)
          (org-display-inline-images)
          (let ((buffer-save-without-query t))
              (save-buffer))
          (revert-buffer t t)))
      (pop-to-buffer buf))))

# Tool
* Emacs built-in functions


