----------------------------------------
[SUCCESS LOG]
[2025-01-03 01:24:30]
=> /home/ywatanabe/proj/llemacs/llemacs.el/02-llemacs-logging/file-loggers.el: L80
Found project directory: 026-my-first-project
----------------------------------------
[SUCCESS LOG]
[2025-01-03 01:24:30]
=> /home/ywatanabe/proj/llemacs/llemacs.el/02-llemacs-logging/file-loggers.el: L80
Found project directory: 026-my-first-project
----------------------------------------
[SUCCESS LOG]
[2025-01-03 01:37:52]
=> /home/ywatanabe/proj/llemacs/llemacs.el/06-llemacs-project/project_collect_context.el: L7
Found project directory: 026-my-first-project
----------------------------------------
[SUCCESS LOG]
[2025-01-03 01:40:00]
=> /home/ywatanabe/proj/llemacs/llemacs.el/06-llemacs-project/project_collect_context.el: L12
Found project directory: 026-my-first-project
----------------------------------------
[SUCCESS LOG]
[2025-01-03 01:43:13]
=> /home/ywatanabe/proj/llemacs/llemacs.el/06-llemacs-project/project_collect_context.el: L29
Found project directory: 026-my-first-project
----------------------------------------
[SUCCESS LOG]
[2025-01-03 01:47:33]
=> /home/ywatanabe/proj/llemacs/llemacs.el/06-llemacs-project/project_collect_context.el: L43
Found project directory: 026-my-first-project
----------------------------------------
[SUCCESS LOG]
[2025-01-03 01:47:45]
=> /home/ywatanabe/proj/llemacs/llemacs.el/06-llemacs-project/project_collect_context.el: L44
Found project directory: 026-my-first-project
----------------------------------------
[SUCCESS LOG]
[2025-01-03 01:49:10]
=> /home/ywatanabe/proj/llemacs/llemacs.el/06-llemacs-project/project_collect_context.el: L50
Found project directory: 026-my-first-project
----------------------------------------
[SUCCESS LOG]
[2025-01-03 01:51:50]
=> /home/ywatanabe/proj/llemacs/llemacs.el/06-llemacs-project/project_collect_context.el: L53
Found project directory: 026-my-first-project
----------------------------------------
[SUCCESS LOG]
[2025-01-03 01:51:58]
=> /home/ywatanabe/proj/llemacs/llemacs.el/06-llemacs-project/project_collect_context.el: L54
Found project directory: 026-my-first-project
----------------------------------------
[SUCCESS LOG]
[2025-01-03 01:52:05]
=> /home/ywatanabe/proj/llemacs/llemacs.el/06-llemacs-project/project_collect_context.el: L54
Found project directory: 026-my-first-project
----------------------------------------
[SUCCESS LOG]
[2025-01-03 01:52:09]
=> /home/ywatanabe/proj/llemacs/llemacs.el/06-llemacs-project/project_collect_context.el: L54
Found project directory: 026-my-first-project
----------------------------------------
[SUCCESS LOG]
[2025-01-03 01:54:53]
=> /home/ywatanabe/proj/llemacs/llemacs.el/06-llemacs-project/project_collect_context.el: L31
Found project directory: 026-my-first-project
----------------------------------------
[SUCCESS LOG]
[2025-01-03 01:54:58]
=> /home/ywatanabe/proj/llemacs/llemacs.el/06-llemacs-project/project_collect_context.el: L32
Found project directory: 026-my-first-project
----------------------------------------
[SUCCESS LOG]
[2025-01-03 01:58:28]
=> /home/ywatanabe/proj/llemacs/llemacs.el/06-llemacs-project/project_collect_context.el: L91
Found project directory: 026-my-first-project
----------------------------------------
[SUCCESS LOG]
[2025-01-03 01:58:28]
=> /home/ywatanabe/proj/llemacs/llemacs.el/06-llemacs-project/project_collect_context.el: L91
Found project directory: 026-my-first-project
----------------------------------------
[SUCCESS LOG]
[2025-01-03 01:58:28]
=> /home/ywatanabe/proj/llemacs/llemacs.el/06-llemacs-project/project_collect_context.el: L91
Found project directory: 026-my-first-project
----------------------------------------
[SUCCESS LOG]
[2025-01-03 01:58:28]
=> /home/ywatanabe/proj/llemacs/llemacs.el/06-llemacs-project/project_collect_context.el: L91
Found project directory: 026-my-first-project
----------------------------------------
[SUCCESS LOG]
[2025-01-03 01:58:28]
=> /home/ywatanabe/proj/llemacs/llemacs.el/06-llemacs-project/project_collect_context.el: L91
Found project directory: 026-my-first-project
----------------------------------------
[SUCCESS LOG]
[2025-01-03 01:58:28]
=> /home/ywatanabe/proj/llemacs/llemacs.el/06-llemacs-project/project_collect_context.el: L91
Found project directory: 026-my-first-project
----------------------------------------
[SUCCESS LOG]
[2025-01-03 01:58:28]
=> /home/ywatanabe/proj/llemacs/llemacs.el/06-llemacs-project/project_collect_context.el: L91
Found project directory: 026-my-first-project
----------------------------------------
[SUCCESS LOG]
[2025-01-03 01:58:28]
=> /home/ywatanabe/proj/llemacs/llemacs.el/06-llemacs-project/project_collect_context.el: L91
Found project directory: 026-my-first-project
----------------------------------------
[SUCCESS LOG]
[2025-01-03 01:58:28]
=> /home/ywatanabe/proj/llemacs/llemacs.el/06-llemacs-project/project_collect_context.el: L91
Found project directory: 026-my-first-project
----------------------------------------
[SUCCESS LOG]
[2025-01-03 01:58:28]
=> /home/ywatanabe/proj/llemacs/llemacs.el/06-llemacs-project/project_collect_context.el: L91
Found project directory: 026-my-first-project
----------------------------------------
[SUCCESS LOG]
[2025-01-03 01:58:28]
=> /home/ywatanabe/proj/llemacs/llemacs.el/06-llemacs-project/project_collect_context.el: L91
Found project directory: 026-my-first-project
----------------------------------------
[SUCCESS LOG]
[2025-01-03 01:58:28]
=> /home/ywatanabe/proj/llemacs/llemacs.el/06-llemacs-project/project_collect_context.el: L91
Found project directory: 026-my-first-project
----------------------------------------
[SUCCESS LOG]
[2025-01-03 01:58:28]
=> /home/ywatanabe/proj/llemacs/llemacs.el/06-llemacs-project/project_collect_context.el: L91
Found project directory: 026-my-first-project
----------------------------------------
[SUCCESS LOG]
[2025-01-03 01:58:28]
=> /home/ywatanabe/proj/llemacs/llemacs.el/06-llemacs-project/project_collect_context.el: L91
Found project directory: 026-my-first-project
----------------------------------------
[SUCCESS LOG]
[2025-01-03 01:58:28]
=> /home/ywatanabe/proj/llemacs/llemacs.el/06-llemacs-project/project_collect_context.el: L91
Found project directory: 026-my-first-project
----------------------------------------
[SUCCESS LOG]
[2025-01-03 01:58:28]
=> /home/ywatanabe/proj/llemacs/llemacs.el/06-llemacs-project/project_collect_context.el: L91
Found project directory: 026-my-first-project
----------------------------------------
[SUCCESS LOG]
[2025-01-03 01:58:28]
=> /home/ywatanabe/proj/llemacs/llemacs.el/06-llemacs-project/project_collect_context.el: L91
Found project directory: 026-my-first-project
----------------------------------------
[SUCCESS LOG]
[2025-01-03 01:59:57]
=> /home/ywatanabe/proj/llemacs/llemacs.el/06-llemacs-project/project_collect_context.el: L93
Found project directory: 026-my-first-project
----------------------------------------
[SUCCESS LOG]
[2025-01-03 01:59:57]
=> /home/ywatanabe/proj/llemacs/llemacs.el/06-llemacs-project/project_collect_context.el: L93
Found project directory: 026-my-first-project
----------------------------------------
[SUCCESS LOG]
[2025-01-03 01:59:57]
=> /home/ywatanabe/proj/llemacs/llemacs.el/06-llemacs-project/project_collect_context.el: L93
Found project directory: 026-my-first-project
----------------------------------------
[SUCCESS LOG]
[2025-01-03 01:59:57]
=> /home/ywatanabe/proj/llemacs/llemacs.el/06-llemacs-project/project_collect_context.el: L93
Found project directory: 026-my-first-project
----------------------------------------
[SUCCESS LOG]
[2025-01-03 01:59:57]
=> /home/ywatanabe/proj/llemacs/llemacs.el/06-llemacs-project/project_collect_context.el: L93
Found project directory: 026-my-first-project
----------------------------------------
[SUCCESS LOG]
[2025-01-03 01:59:57]
=> /home/ywatanabe/proj/llemacs/llemacs.el/06-llemacs-project/project_collect_context.el: L93
Found project directory: 026-my-first-project
----------------------------------------
[SUCCESS LOG]
[2025-01-03 01:59:57]
=> /home/ywatanabe/proj/llemacs/llemacs.el/06-llemacs-project/project_collect_context.el: L93
Found project directory: 026-my-first-project
----------------------------------------
[SUCCESS LOG]
[2025-01-03 01:59:57]
=> /home/ywatanabe/proj/llemacs/llemacs.el/06-llemacs-project/project_collect_context.el: L93
Found project directory: 026-my-first-project
----------------------------------------
[SUCCESS LOG]
[2025-01-03 01:59:57]
=> /home/ywatanabe/proj/llemacs/llemacs.el/06-llemacs-project/project_collect_context.el: L93
Found project directory: 026-my-first-project
----------------------------------------
[SUCCESS LOG]
[2025-01-03 01:59:57]
=> /home/ywatanabe/proj/llemacs/llemacs.el/06-llemacs-project/project_collect_context.el: L93
Found project directory: 026-my-first-project
----------------------------------------
[SUCCESS LOG]
[2025-01-03 01:59:57]
=> /home/ywatanabe/proj/llemacs/llemacs.el/06-llemacs-project/project_collect_context.el: L93
Found project directory: 026-my-first-project
----------------------------------------
[SUCCESS LOG]
[2025-01-03 01:59:57]
=> /home/ywatanabe/proj/llemacs/llemacs.el/06-llemacs-project/project_collect_context.el: L93
Found project directory: 026-my-first-project
----------------------------------------
[SUCCESS LOG]
[2025-01-03 01:59:57]
=> /home/ywatanabe/proj/llemacs/llemacs.el/06-llemacs-project/project_collect_context.el: L93
Found project directory: 026-my-first-project
----------------------------------------
[SUCCESS LOG]
[2025-01-03 01:59:57]
=> /home/ywatanabe/proj/llemacs/llemacs.el/06-llemacs-project/project_collect_context.el: L93
Found project directory: 026-my-first-project
----------------------------------------
[SUCCESS LOG]
[2025-01-03 01:59:57]
=> /home/ywatanabe/proj/llemacs/llemacs.el/06-llemacs-project/project_collect_context.el: L93
Found project directory: 026-my-first-project
----------------------------------------
[SUCCESS LOG]
[2025-01-03 01:59:57]
=> /home/ywatanabe/proj/llemacs/llemacs.el/06-llemacs-project/project_collect_context.el: L93
Found project directory: 026-my-first-project
----------------------------------------
[SUCCESS LOG]
[2025-01-03 01:59:57]
=> /home/ywatanabe/proj/llemacs/llemacs.el/06-llemacs-project/project_collect_context.el: L93
Found project directory: 026-my-first-project
----------------------------------------
[SUCCESS LOG]
[2025-01-03 02:01:28]
=> /home/ywatanabe/proj/llemacs/llemacs.el/06-llemacs-project/project_collect_context.el: L93
Found project directory: 026-my-first-project
----------------------------------------
[SUCCESS LOG]
[2025-01-03 02:01:28]
=> /home/ywatanabe/proj/llemacs/llemacs.el/06-llemacs-project/project_collect_context.el: L93
Found project directory: 026-my-first-project
----------------------------------------
[SUCCESS LOG]
[2025-01-03 02:01:28]
=> /home/ywatanabe/proj/llemacs/llemacs.el/06-llemacs-project/project_collect_context.el: L93
Found project directory: 026-my-first-project
----------------------------------------
[SUCCESS LOG]
[2025-01-03 02:01:28]
=> /home/ywatanabe/proj/llemacs/llemacs.el/06-llemacs-project/project_collect_context.el: L93
Found project directory: 026-my-first-project
----------------------------------------
[SUCCESS LOG]
[2025-01-03 02:01:28]
=> /home/ywatanabe/proj/llemacs/llemacs.el/06-llemacs-project/project_collect_context.el: L93
Found project directory: 026-my-first-project
----------------------------------------
[SUCCESS LOG]
[2025-01-03 02:01:28]
=> /home/ywatanabe/proj/llemacs/llemacs.el/06-llemacs-project/project_collect_context.el: L93
Found project directory: 026-my-first-project
----------------------------------------
[SUCCESS LOG]
[2025-01-03 02:01:28]
=> /home/ywatanabe/proj/llemacs/llemacs.el/06-llemacs-project/project_collect_context.el: L93
Found project directory: 026-my-first-project
----------------------------------------
[SUCCESS LOG]
[2025-01-03 02:01:28]
=> /home/ywatanabe/proj/llemacs/llemacs.el/06-llemacs-project/project_collect_context.el: L93
Found project directory: 026-my-first-project
----------------------------------------
[SUCCESS LOG]
[2025-01-03 02:01:28]
=> /home/ywatanabe/proj/llemacs/llemacs.el/06-llemacs-project/project_collect_context.el: L93
Found project directory: 026-my-first-project
----------------------------------------
[SUCCESS LOG]
[2025-01-03 02:01:28]
=> /home/ywatanabe/proj/llemacs/llemacs.el/06-llemacs-project/project_collect_context.el: L93
Found project directory: 026-my-first-project
----------------------------------------
[SUCCESS LOG]
[2025-01-03 02:01:28]
=> /home/ywatanabe/proj/llemacs/llemacs.el/06-llemacs-project/project_collect_context.el: L93
Found project directory: 026-my-first-project
----------------------------------------
[SUCCESS LOG]
[2025-01-03 02:01:28]
=> /home/ywatanabe/proj/llemacs/llemacs.el/06-llemacs-project/project_collect_context.el: L93
Found project directory: 026-my-first-project
----------------------------------------
[SUCCESS LOG]
[2025-01-03 02:01:28]
=> /home/ywatanabe/proj/llemacs/llemacs.el/06-llemacs-project/project_collect_context.el: L93
Found project directory: 026-my-first-project
----------------------------------------
[SUCCESS LOG]
[2025-01-03 02:01:28]
=> /home/ywatanabe/proj/llemacs/llemacs.el/06-llemacs-project/project_collect_context.el: L93
Found project directory: 026-my-first-project
----------------------------------------
[SUCCESS LOG]
[2025-01-03 02:01:28]
=> /home/ywatanabe/proj/llemacs/llemacs.el/06-llemacs-project/project_collect_context.el: L93
Found project directory: 026-my-first-project
----------------------------------------
[SUCCESS LOG]
[2025-01-03 02:01:28]
=> /home/ywatanabe/proj/llemacs/llemacs.el/06-llemacs-project/project_collect_context.el: L93
Found project directory: 026-my-first-project
----------------------------------------
[SUCCESS LOG]
[2025-01-03 02:01:28]
=> /home/ywatanabe/proj/llemacs/llemacs.el/06-llemacs-project/project_collect_context.el: L93
Found project directory: 026-my-first-project
----------------------------------------
[SUCCESS LOG]
[2025-01-03 02:10:31]
=> /home/ywatanabe/proj/llemacs/llemacs.el/06-llemacs-project/project_collect_context.el: L96
Found project directory: 026-my-first-project
----------------------------------------
[SUCCESS LOG]
[2025-01-03 02:10:31]
=> /home/ywatanabe/proj/llemacs/llemacs.el/06-llemacs-project/project_collect_context.el: L96
Found project directory: 026-my-first-project
----------------------------------------
[SUCCESS LOG]
[2025-01-03 02:10:31]
=> /home/ywatanabe/proj/llemacs/llemacs.el/06-llemacs-project/project_collect_context.el: L96
Found project directory: 026-my-first-project
----------------------------------------
[SUCCESS LOG]
[2025-01-03 02:10:31]
=> /home/ywatanabe/proj/llemacs/llemacs.el/06-llemacs-project/project_collect_context.el: L96
Found project directory: 026-my-first-project
----------------------------------------
[SUCCESS LOG]
[2025-01-03 02:10:31]
=> /home/ywatanabe/proj/llemacs/llemacs.el/06-llemacs-project/project_collect_context.el: L96
Found project directory: 026-my-first-project
----------------------------------------
[SUCCESS LOG]
[2025-01-03 02:10:31]
=> /home/ywatanabe/proj/llemacs/llemacs.el/06-llemacs-project/project_collect_context.el: L96
Found project directory: 026-my-first-project
----------------------------------------
[SUCCESS LOG]
[2025-01-03 02:10:31]
=> /home/ywatanabe/proj/llemacs/llemacs.el/06-llemacs-project/project_collect_context.el: L96
Found project directory: 026-my-first-project
----------------------------------------
[SUCCESS LOG]
[2025-01-03 02:10:31]
=> /home/ywatanabe/proj/llemacs/llemacs.el/06-llemacs-project/project_collect_context.el: L96
Found project directory: 026-my-first-project
----------------------------------------
[SUCCESS LOG]
[2025-01-03 02:10:31]
=> /home/ywatanabe/proj/llemacs/llemacs.el/06-llemacs-project/project_collect_context.el: L96
Found project directory: 026-my-first-project
----------------------------------------
[SUCCESS LOG]
[2025-01-03 02:10:31]
=> /home/ywatanabe/proj/llemacs/llemacs.el/06-llemacs-project/project_collect_context.el: L96
Found project directory: 026-my-first-project
----------------------------------------
[SUCCESS LOG]
[2025-01-03 02:10:39]
=> /home/ywatanabe/proj/llemacs/llemacs.el/06-llemacs-project/project_collect_context.el: L96
Found project directory: 026-my-first-project
----------------------------------------
[SUCCESS LOG]
[2025-01-03 02:10:39]
=> /home/ywatanabe/proj/llemacs/llemacs.el/06-llemacs-project/project_collect_context.el: L96
Found project directory: 026-my-first-project
----------------------------------------
[SUCCESS LOG]
[2025-01-03 02:10:39]
=> /home/ywatanabe/proj/llemacs/llemacs.el/06-llemacs-project/project_collect_context.el: L96
Found project directory: 026-my-first-project
----------------------------------------
[SUCCESS LOG]
[2025-01-03 02:10:39]
=> /home/ywatanabe/proj/llemacs/llemacs.el/06-llemacs-project/project_collect_context.el: L96
Found project directory: 026-my-first-project
----------------------------------------
[SUCCESS LOG]
[2025-01-03 02:10:39]
=> /home/ywatanabe/proj/llemacs/llemacs.el/06-llemacs-project/project_collect_context.el: L96
Found project directory: 026-my-first-project
----------------------------------------
[SUCCESS LOG]
[2025-01-03 02:10:39]
=> /home/ywatanabe/proj/llemacs/llemacs.el/06-llemacs-project/project_collect_context.el: L96
Found project directory: 026-my-first-project
----------------------------------------
[SUCCESS LOG]
[2025-01-03 02:10:39]
=> /home/ywatanabe/proj/llemacs/llemacs.el/06-llemacs-project/project_collect_context.el: L96
Found project directory: 026-my-first-project
----------------------------------------
[SUCCESS LOG]
[2025-01-03 02:10:39]
=> /home/ywatanabe/proj/llemacs/llemacs.el/06-llemacs-project/project_collect_context.el: L96
Found project directory: 026-my-first-project
----------------------------------------
[SUCCESS LOG]
[2025-01-03 02:10:39]
=> /home/ywatanabe/proj/llemacs/llemacs.el/06-llemacs-project/project_collect_context.el: L96
Found project directory: 026-my-first-project
----------------------------------------
[SUCCESS LOG]
[2025-01-03 02:10:39]
=> /home/ywatanabe/proj/llemacs/llemacs.el/06-llemacs-project/project_collect_context.el: L96
Found project directory: 026-my-first-project
----------------------------------------
[SUCCESS LOG]
[2025-01-03 02:10:39]
=> /home/ywatanabe/proj/llemacs/llemacs.el/06-llemacs-project/project_collect_context.el: L96
Found project directory: 026-my-first-project
----------------------------------------
[SUCCESS LOG]
[2025-01-03 02:10:39]
=> /home/ywatanabe/proj/llemacs/llemacs.el/06-llemacs-project/project_collect_context.el: L96
Found project directory: 026-my-first-project
----------------------------------------
[SUCCESS LOG]
[2025-01-03 02:10:39]
=> /home/ywatanabe/proj/llemacs/llemacs.el/06-llemacs-project/project_collect_context.el: L96
Found project directory: 026-my-first-project
----------------------------------------
[SUCCESS LOG]
[2025-01-03 02:10:39]
=> /home/ywatanabe/proj/llemacs/llemacs.el/06-llemacs-project/project_collect_context.el: L96
Found project directory: 026-my-first-project
----------------------------------------
[SUCCESS LOG]
[2025-01-03 02:10:39]
=> /home/ywatanabe/proj/llemacs/llemacs.el/06-llemacs-project/project_collect_context.el: L96
Found project directory: 026-my-first-project
----------------------------------------
[SUCCESS LOG]
[2025-01-03 02:10:39]
=> /home/ywatanabe/proj/llemacs/llemacs.el/06-llemacs-project/project_collect_context.el: L96
Found project directory: 026-my-first-project
----------------------------------------
[SUCCESS LOG]
[2025-01-03 02:10:39]
=> /home/ywatanabe/proj/llemacs/llemacs.el/06-llemacs-project/project_collect_context.el: L96
Found project directory: 026-my-first-project
----------------------------------------
[SUCCESS LOG]
[2025-01-03 02:11:14]
=> /home/ywatanabe/proj/llemacs/llemacs.el/06-llemacs-project/project_collect_context.el: L96
Found project directory: 026-my-first-project
----------------------------------------
[SUCCESS LOG]
[2025-01-03 02:11:14]
=> /home/ywatanabe/proj/llemacs/llemacs.el/06-llemacs-project/project_collect_context.el: L96
Found project directory: 026-my-first-project
----------------------------------------
[SUCCESS LOG]
[2025-01-03 02:11:14]
=> /home/ywatanabe/proj/llemacs/llemacs.el/06-llemacs-project/project_collect_context.el: L96
Found project directory: 026-my-first-project
----------------------------------------
[SUCCESS LOG]
[2025-01-03 02:11:14]
=> /home/ywatanabe/proj/llemacs/llemacs.el/06-llemacs-project/project_collect_context.el: L96
Found project directory: 026-my-first-project
----------------------------------------
[SUCCESS LOG]
[2025-01-03 02:11:14]
=> /home/ywatanabe/proj/llemacs/llemacs.el/06-llemacs-project/project_collect_context.el: L96
Found project directory: 026-my-first-project
----------------------------------------
[SUCCESS LOG]
[2025-01-03 02:11:14]
=> /home/ywatanabe/proj/llemacs/llemacs.el/06-llemacs-project/project_collect_context.el: L96
Found project directory: 026-my-first-project
----------------------------------------
[SUCCESS LOG]
[2025-01-03 02:11:14]
=> /home/ywatanabe/proj/llemacs/llemacs.el/06-llemacs-project/project_collect_context.el: L96
Found project directory: 026-my-first-project
----------------------------------------
[SUCCESS LOG]
[2025-01-03 02:11:14]
=> /home/ywatanabe/proj/llemacs/llemacs.el/06-llemacs-project/project_collect_context.el: L96
Found project directory: 026-my-first-project
----------------------------------------
[SUCCESS LOG]
[2025-01-03 02:11:14]
=> /home/ywatanabe/proj/llemacs/llemacs.el/06-llemacs-project/project_collect_context.el: L96
Found project directory: 026-my-first-project
----------------------------------------
[SUCCESS LOG]
[2025-01-03 02:11:14]
=> /home/ywatanabe/proj/llemacs/llemacs.el/06-llemacs-project/project_collect_context.el: L96
Found project directory: 026-my-first-project
----------------------------------------
[SUCCESS LOG]
[2025-01-03 02:11:14]
=> /home/ywatanabe/proj/llemacs/llemacs.el/06-llemacs-project/project_collect_context.el: L96
Found project directory: 026-my-first-project
----------------------------------------
[SUCCESS LOG]
[2025-01-03 02:11:14]
=> /home/ywatanabe/proj/llemacs/llemacs.el/06-llemacs-project/project_collect_context.el: L96
Found project directory: 026-my-first-project
----------------------------------------
[SUCCESS LOG]
[2025-01-03 02:11:14]
=> /home/ywatanabe/proj/llemacs/llemacs.el/06-llemacs-project/project_collect_context.el: L96
Found project directory: 026-my-first-project
----------------------------------------
[SUCCESS LOG]
[2025-01-03 02:11:14]
=> /home/ywatanabe/proj/llemacs/llemacs.el/06-llemacs-project/project_collect_context.el: L96
Found project directory: 026-my-first-project
----------------------------------------
[SUCCESS LOG]
[2025-01-03 02:11:14]
=> /home/ywatanabe/proj/llemacs/llemacs.el/06-llemacs-project/project_collect_context.el: L96
Found project directory: 026-my-first-project
----------------------------------------
[SUCCESS LOG]
[2025-01-03 02:11:14]
=> /home/ywatanabe/proj/llemacs/llemacs.el/06-llemacs-project/project_collect_context.el: L96
Found project directory: 026-my-first-project
----------------------------------------
[SUCCESS LOG]
[2025-01-03 02:11:14]
=> /home/ywatanabe/proj/llemacs/llemacs.el/06-llemacs-project/project_collect_context.el: L96
Found project directory: 026-my-first-project
----------------------------------------
[SUCCESS LOG]
[2025-01-03 02:12:28]
=> /home/ywatanabe/proj/llemacs/llemacs.el/06-llemacs-project/project_collect_context.el: L96
Found project directory: 026-my-first-project
----------------------------------------
[SUCCESS LOG]
[2025-01-03 02:12:28]
=> /home/ywatanabe/proj/llemacs/llemacs.el/06-llemacs-project/project_collect_context.el: L96
Found project directory: 026-my-first-project
----------------------------------------
[SUCCESS LOG]
[2025-01-03 02:12:28]
=> /home/ywatanabe/proj/llemacs/llemacs.el/06-llemacs-project/project_collect_context.el: L96
Found project directory: 026-my-first-project
----------------------------------------
[SUCCESS LOG]
[2025-01-03 02:12:28]
=> /home/ywatanabe/proj/llemacs/llemacs.el/06-llemacs-project/project_collect_context.el: L96
Found project directory: 026-my-first-project
----------------------------------------
[SUCCESS LOG]
[2025-01-03 02:12:28]
=> /home/ywatanabe/proj/llemacs/llemacs.el/06-llemacs-project/project_collect_context.el: L96
Found project directory: 026-my-first-project
----------------------------------------
[SUCCESS LOG]
[2025-01-03 02:12:28]
=> /home/ywatanabe/proj/llemacs/llemacs.el/06-llemacs-project/project_collect_context.el: L96
Found project directory: 026-my-first-project
----------------------------------------
[SUCCESS LOG]
[2025-01-03 02:12:28]
=> /home/ywatanabe/proj/llemacs/llemacs.el/06-llemacs-project/project_collect_context.el: L96
Found project directory: 026-my-first-project
----------------------------------------
[SUCCESS LOG]
[2025-01-03 02:12:28]
=> /home/ywatanabe/proj/llemacs/llemacs.el/06-llemacs-project/project_collect_context.el: L96
Found project directory: 026-my-first-project
----------------------------------------
[SUCCESS LOG]
[2025-01-03 02:12:29]
=> /home/ywatanabe/proj/llemacs/llemacs.el/06-llemacs-project/project_collect_context.el: L96
Found project directory: 026-my-first-project
----------------------------------------
[SUCCESS LOG]
[2025-01-03 02:12:29]
=> /home/ywatanabe/proj/llemacs/llemacs.el/06-llemacs-project/project_collect_context.el: L96
Found project directory: 026-my-first-project
----------------------------------------
[SUCCESS LOG]
[2025-01-03 02:12:29]
=> /home/ywatanabe/proj/llemacs/llemacs.el/06-llemacs-project/project_collect_context.el: L96
Found project directory: 026-my-first-project
----------------------------------------
[SUCCESS LOG]
[2025-01-03 02:12:29]
=> /home/ywatanabe/proj/llemacs/llemacs.el/06-llemacs-project/project_collect_context.el: L96
Found project directory: 026-my-first-project
----------------------------------------
[SUCCESS LOG]
[2025-01-03 02:12:29]
=> /home/ywatanabe/proj/llemacs/llemacs.el/06-llemacs-project/project_collect_context.el: L96
Found project directory: 026-my-first-project
----------------------------------------
[SUCCESS LOG]
[2025-01-03 02:12:29]
=> /home/ywatanabe/proj/llemacs/llemacs.el/06-llemacs-project/project_collect_context.el: L96
Found project directory: 026-my-first-project
----------------------------------------
[SUCCESS LOG]
[2025-01-03 02:12:29]
=> /home/ywatanabe/proj/llemacs/llemacs.el/06-llemacs-project/project_collect_context.el: L96
Found project directory: 026-my-first-project
----------------------------------------
[SUCCESS LOG]
[2025-01-03 02:12:29]
=> /home/ywatanabe/proj/llemacs/llemacs.el/06-llemacs-project/project_collect_context.el: L96
Found project directory: 026-my-first-project
----------------------------------------
[SUCCESS LOG]
[2025-01-03 02:12:29]
=> /home/ywatanabe/proj/llemacs/llemacs.el/06-llemacs-project/project_collect_context.el: L96
Found project directory: 026-my-first-project
----------------------------------------
[SUCCESS LOG]
[2025-01-03 02:13:32]
=> /home/ywatanabe/proj/llemacs/llemacs.el/06-llemacs-project/project_collect_context.el: L96
Found project directory: 026-my-first-project
----------------------------------------
[SUCCESS LOG]
[2025-01-03 02:13:32]
=> /home/ywatanabe/proj/llemacs/llemacs.el/06-llemacs-project/project_collect_context.el: L96
Found project directory: 026-my-first-project
----------------------------------------
[SUCCESS LOG]
[2025-01-03 02:13:32]
=> /home/ywatanabe/proj/llemacs/llemacs.el/06-llemacs-project/project_collect_context.el: L96
Found project directory: 026-my-first-project
----------------------------------------
[SUCCESS LOG]
[2025-01-03 02:13:32]
=> /home/ywatanabe/proj/llemacs/llemacs.el/06-llemacs-project/project_collect_context.el: L96
Found project directory: 026-my-first-project
----------------------------------------
[SUCCESS LOG]
[2025-01-03 02:13:32]
=> /home/ywatanabe/proj/llemacs/llemacs.el/06-llemacs-project/project_collect_context.el: L96
Found project directory: 026-my-first-project
----------------------------------------
[SUCCESS LOG]
[2025-01-03 02:13:32]
=> /home/ywatanabe/proj/llemacs/llemacs.el/06-llemacs-project/project_collect_context.el: L96
Found project directory: 026-my-first-project
----------------------------------------
[SUCCESS LOG]
[2025-01-03 02:13:32]
=> /home/ywatanabe/proj/llemacs/llemacs.el/06-llemacs-project/project_collect_context.el: L96
Found project directory: 026-my-first-project
----------------------------------------
[SUCCESS LOG]
[2025-01-03 02:13:32]
=> /home/ywatanabe/proj/llemacs/llemacs.el/06-llemacs-project/project_collect_context.el: L96
Found project directory: 026-my-first-project
----------------------------------------
[SUCCESS LOG]
[2025-01-03 02:13:32]
=> /home/ywatanabe/proj/llemacs/llemacs.el/06-llemacs-project/project_collect_context.el: L96
Found project directory: 026-my-first-project
----------------------------------------
[SUCCESS LOG]
[2025-01-03 02:13:32]
=> /home/ywatanabe/proj/llemacs/llemacs.el/06-llemacs-project/project_collect_context.el: L96
Found project directory: 026-my-first-project
----------------------------------------
[SUCCESS LOG]
[2025-01-03 02:13:32]
=> /home/ywatanabe/proj/llemacs/llemacs.el/06-llemacs-project/project_collect_context.el: L96
Found project directory: 026-my-first-project
----------------------------------------
[SUCCESS LOG]
[2025-01-03 02:13:32]
=> /home/ywatanabe/proj/llemacs/llemacs.el/06-llemacs-project/project_collect_context.el: L96
Found project directory: 026-my-first-project
----------------------------------------
[SUCCESS LOG]
[2025-01-03 02:13:32]
=> /home/ywatanabe/proj/llemacs/llemacs.el/06-llemacs-project/project_collect_context.el: L96
Found project directory: 026-my-first-project
----------------------------------------
[SUCCESS LOG]
[2025-01-03 02:13:32]
=> /home/ywatanabe/proj/llemacs/llemacs.el/06-llemacs-project/project_collect_context.el: L96
Found project directory: 026-my-first-project
----------------------------------------
[SUCCESS LOG]
[2025-01-03 02:13:32]
=> /home/ywatanabe/proj/llemacs/llemacs.el/06-llemacs-project/project_collect_context.el: L96
Found project directory: 026-my-first-project
----------------------------------------
[SUCCESS LOG]
[2025-01-03 02:13:32]
=> /home/ywatanabe/proj/llemacs/llemacs.el/06-llemacs-project/project_collect_context.el: L96
Found project directory: 026-my-first-project
----------------------------------------
[SUCCESS LOG]
[2025-01-03 02:13:32]
=> /home/ywatanabe/proj/llemacs/llemacs.el/06-llemacs-project/project_collect_context.el: L96
Found project directory: 026-my-first-project
----------------------------------------
[SUCCESS LOG]
[2025-01-03 02:15:38]
=> /home/ywatanabe/proj/llemacs/llemacs.el/06-llemacs-project/project_init.el: L92
Project initialized: 027-my-second-project
Project directory: /home/ywatanabe/proj/llemacs/workspace/projects/027-my-second-project
----------------------------------------
[SUCCESS LOG]
[2025-01-03 02:15:43]
=> /home/ywatanabe/proj/llemacs/llemacs.el/06-llemacs-project/project_init.el: L92
Project initialized: 028-my-second-project
Project directory: /home/ywatanabe/proj/llemacs/workspace/projects/028-my-second-project
----------------------------------------
[SUCCESS LOG]
[2025-01-03 02:17:17]
=> /home/ywatanabe/proj/llemacs/llemacs.el/06-llemacs-project/project_init.el: L93
Project initialized: 029-my-3rd-project
Project directory: /home/ywatanabe/proj/llemacs/workspace/projects/029-my-3rd-project
----------------------------------------
[SUCCESS LOG]
[2025-01-03 02:18:47]
=> /home/ywatanabe/proj/llemacs/llemacs.el/06-llemacs-project/project_init.el: L96
Found project directory: 030-my-3rd-project
----------------------------------------
[SUCCESS LOG]
[2025-01-03 02:18:47]
=> /home/ywatanabe/proj/llemacs/llemacs.el/06-llemacs-project/project_init.el: L96
Project initialized: 030-my-3rd-project
Project directory: /home/ywatanabe/proj/llemacs/workspace/projects/030-my-3rd-project
----------------------------------------
[SUCCESS LOG]
[2025-01-03 02:19:16]
=> /home/ywatanabe/proj/llemacs/llemacs.el/06-llemacs-project/project_init.el: L96
Found project directory: 031-my-3rd-project
----------------------------------------
[SUCCESS LOG]
[2025-01-03 02:19:16]
=> /home/ywatanabe/proj/llemacs/llemacs.el/06-llemacs-project/project_init.el: L96
Project initialized: 031-my-3rd-project
Project directory: /home/ywatanabe/proj/llemacs/workspace/projects/031-my-3rd-project
----------------------------------------
[SUCCESS LOG]
[2025-01-03 02:19:33]
=> /home/ywatanabe/proj/llemacs/llemacs.el/06-llemacs-project/project_init.el: L74
Found project directory: 032-my-4th-project
----------------------------------------
[SUCCESS LOG]
[2025-01-03 02:19:33]
=> /home/ywatanabe/proj/llemacs/llemacs.el/06-llemacs-project/project_init.el: L74
Project initialized: 032-my-4th-project
Project directory: /home/ywatanabe/proj/llemacs/workspace/projects/032-my-4th-project
----------------------------------------
[SUCCESS LOG]
[2025-01-03 02:24:19]
=> /home/ywatanabe/proj/llemacs/llemacs.el/06-llemacs-project/project_init.el: L111
Found project directory: 033-my-4th-project
----------------------------------------
[SUCCESS LOG]
[2025-01-03 02:24:19]
=> /home/ywatanabe/proj/llemacs/llemacs.el/06-llemacs-project/project_init.el: L111
Project initialized: 033-my-4th-project
Project directory: /home/ywatanabe/proj/llemacs/workspace/projects/033-my-4th-project
----------------------------------------
[SUCCESS LOG]
[2025-01-03 02:25:45]
=> /home/ywatanabe/proj/llemacs/llemacs.el/06-llemacs-project/project_init.el: L111
Found project directory: 034-my-4th-project
----------------------------------------
[SUCCESS LOG]
[2025-01-03 02:25:45]
=> /home/ywatanabe/proj/llemacs/llemacs.el/06-llemacs-project/project_init.el: L111
Project initialized: 034-my-4th-project
Project directory: /home/ywatanabe/proj/llemacs/workspace/projects/034-my-4th-project
----------------------------------------
[SUCCESS LOG]
[2025-01-03 02:30:14]
=> /home/ywatanabe/proj/llemacs/llemacs.el/06-llemacs-project/project_init.el: L87
Found project directory: 036-my-project
----------------------------------------
[SUCCESS LOG]
[2025-01-03 02:30:14]
=> /home/ywatanabe/proj/llemacs/llemacs.el/06-llemacs-project/project_init.el: L87
Project initialized: 036-my-project
Project directory: /home/ywatanabe/proj/llemacs/workspace/projects/036-my-project
----------------------------------------
[SUCCESS LOG]
[2025-01-03 02:31:51]
=> /home/ywatanabe/proj/llemacs/llemacs.el/06-llemacs-project/project_collect_context.el: L97
Found project directory: 036-my-project
----------------------------------------
[SUCCESS LOG]
[2025-01-03 02:31:51]
=> /home/ywatanabe/proj/llemacs/llemacs.el/06-llemacs-project/project_collect_context.el: L97
Found project directory: 036-my-project
----------------------------------------
[SUCCESS LOG]
[2025-01-03 02:31:51]
=> /home/ywatanabe/proj/llemacs/llemacs.el/06-llemacs-project/project_collect_context.el: L97
Found project directory: 036-my-project
----------------------------------------
[SUCCESS LOG]
[2025-01-03 02:31:51]
=> /home/ywatanabe/proj/llemacs/llemacs.el/06-llemacs-project/project_collect_context.el: L97
Found project directory: 036-my-project
----------------------------------------
[SUCCESS LOG]
[2025-01-03 02:31:51]
=> /home/ywatanabe/proj/llemacs/llemacs.el/06-llemacs-project/project_collect_context.el: L97
Found project directory: 036-my-project
----------------------------------------
[SUCCESS LOG]
[2025-01-03 02:31:51]
=> /home/ywatanabe/proj/llemacs/llemacs.el/06-llemacs-project/project_collect_context.el: L97
Found project directory: 036-my-project
----------------------------------------
[SUCCESS LOG]
[2025-01-03 02:31:51]
=> /home/ywatanabe/proj/llemacs/llemacs.el/06-llemacs-project/project_collect_context.el: L97
Found project directory: 036-my-project
----------------------------------------
[SUCCESS LOG]
[2025-01-03 02:31:51]
=> /home/ywatanabe/proj/llemacs/llemacs.el/06-llemacs-project/project_collect_context.el: L97
Found project directory: 036-my-project
----------------------------------------
[SUCCESS LOG]
[2025-01-03 02:31:51]
=> /home/ywatanabe/proj/llemacs/llemacs.el/06-llemacs-project/project_collect_context.el: L97
Found project directory: 036-my-project
----------------------------------------
[SUCCESS LOG]
[2025-01-03 02:31:51]
=> /home/ywatanabe/proj/llemacs/llemacs.el/06-llemacs-project/project_collect_context.el: L97
Found project directory: 036-my-project
----------------------------------------
[SUCCESS LOG]
[2025-01-03 02:31:51]
=> /home/ywatanabe/proj/llemacs/llemacs.el/06-llemacs-project/project_collect_context.el: L97
Found project directory: 036-my-project
----------------------------------------
[SUCCESS LOG]
[2025-01-03 02:31:51]
=> /home/ywatanabe/proj/llemacs/llemacs.el/06-llemacs-project/project_collect_context.el: L97
Found project directory: 036-my-project
----------------------------------------
[SUCCESS LOG]
[2025-01-03 02:31:51]
=> /home/ywatanabe/proj/llemacs/llemacs.el/06-llemacs-project/project_collect_context.el: L97
Found project directory: 036-my-project
----------------------------------------
[SUCCESS LOG]
[2025-01-03 02:31:52]
=> /home/ywatanabe/proj/llemacs/llemacs.el/06-llemacs-project/project_collect_context.el: L97
Found project directory: 036-my-project
----------------------------------------
[SUCCESS LOG]
[2025-01-03 02:31:52]
=> /home/ywatanabe/proj/llemacs/llemacs.el/06-llemacs-project/project_collect_context.el: L97
Found project directory: 036-my-project
----------------------------------------
[SUCCESS LOG]
[2025-01-03 02:31:52]
=> /home/ywatanabe/proj/llemacs/llemacs.el/06-llemacs-project/project_collect_context.el: L97
Found project directory: 036-my-project
----------------------------------------
[SUCCESS LOG]
[2025-01-03 02:31:52]
=> /home/ywatanabe/proj/llemacs/llemacs.el/06-llemacs-project/project_collect_context.el: L97
Found project directory: 036-my-project
----------------------------------------
[SUCCESS LOG]
[2025-01-03 02:31:59]
=> /home/ywatanabe/proj/llemacs/llemacs.el/06-llemacs-project/project_collect_context.el: L96
Found project directory: 036-my-project
----------------------------------------
[SUCCESS LOG]
[2025-01-03 02:31:59]
=> /home/ywatanabe/proj/llemacs/llemacs.el/06-llemacs-project/project_collect_context.el: L96
Found project directory: 036-my-project
----------------------------------------
[SUCCESS LOG]
[2025-01-03 02:31:59]
=> /home/ywatanabe/proj/llemacs/llemacs.el/06-llemacs-project/project_collect_context.el: L96
Found project directory: 036-my-project
----------------------------------------
[SUCCESS LOG]
[2025-01-03 02:31:59]
=> /home/ywatanabe/proj/llemacs/llemacs.el/06-llemacs-project/project_collect_context.el: L96
Found project directory: 036-my-project
----------------------------------------
[SUCCESS LOG]
[2025-01-03 02:31:59]
=> /home/ywatanabe/proj/llemacs/llemacs.el/06-llemacs-project/project_collect_context.el: L96
Found project directory: 036-my-project
----------------------------------------
[SUCCESS LOG]
[2025-01-03 02:31:59]
=> /home/ywatanabe/proj/llemacs/llemacs.el/06-llemacs-project/project_collect_context.el: L96
Found project directory: 036-my-project
----------------------------------------
[SUCCESS LOG]
[2025-01-03 02:31:59]
=> /home/ywatanabe/proj/llemacs/llemacs.el/06-llemacs-project/project_collect_context.el: L96
Found project directory: 036-my-project
----------------------------------------
[SUCCESS LOG]
[2025-01-03 02:31:59]
=> /home/ywatanabe/proj/llemacs/llemacs.el/06-llemacs-project/project_collect_context.el: L96
Found project directory: 036-my-project
----------------------------------------
[SUCCESS LOG]
[2025-01-03 02:31:59]
=> /home/ywatanabe/proj/llemacs/llemacs.el/06-llemacs-project/project_collect_context.el: L96
Found project directory: 036-my-project
----------------------------------------
[SUCCESS LOG]
[2025-01-03 02:31:59]
=> /home/ywatanabe/proj/llemacs/llemacs.el/06-llemacs-project/project_collect_context.el: L96
Found project directory: 036-my-project
----------------------------------------
[SUCCESS LOG]
[2025-01-03 02:31:59]
=> /home/ywatanabe/proj/llemacs/llemacs.el/06-llemacs-project/project_collect_context.el: L96
Found project directory: 036-my-project
----------------------------------------
[SUCCESS LOG]
[2025-01-03 02:31:59]
=> /home/ywatanabe/proj/llemacs/llemacs.el/06-llemacs-project/project_collect_context.el: L96
Found project directory: 036-my-project
----------------------------------------
[SUCCESS LOG]
[2025-01-03 02:31:59]
=> /home/ywatanabe/proj/llemacs/llemacs.el/06-llemacs-project/project_collect_context.el: L96
Found project directory: 036-my-project
----------------------------------------
[SUCCESS LOG]
[2025-01-03 02:31:59]
=> /home/ywatanabe/proj/llemacs/llemacs.el/06-llemacs-project/project_collect_context.el: L96
Found project directory: 036-my-project
----------------------------------------
[SUCCESS LOG]
[2025-01-03 02:31:59]
=> /home/ywatanabe/proj/llemacs/llemacs.el/06-llemacs-project/project_collect_context.el: L96
Found project directory: 036-my-project
----------------------------------------
[SUCCESS LOG]
[2025-01-03 02:31:59]
=> /home/ywatanabe/proj/llemacs/llemacs.el/06-llemacs-project/project_collect_context.el: L96
Found project directory: 036-my-project
----------------------------------------
[SUCCESS LOG]
[2025-01-03 02:31:59]
=> /home/ywatanabe/proj/llemacs/llemacs.el/06-llemacs-project/project_collect_context.el: L96
Found project directory: 036-my-project
----------------------------------------
[SUCCESS LOG]
[2025-01-03 02:33:22]
=> /home/ywatanabe/proj/llemacs/llemacs.el/06-llemacs-project/project_collect_context.el: L96
Found project directory: 036-my-project
----------------------------------------
[SUCCESS LOG]
[2025-01-03 02:33:22]
=> /home/ywatanabe/proj/llemacs/llemacs.el/06-llemacs-project/project_collect_context.el: L96
Found project directory: 036-my-project
----------------------------------------
[SUCCESS LOG]
[2025-01-03 02:33:22]
=> /home/ywatanabe/proj/llemacs/llemacs.el/06-llemacs-project/project_collect_context.el: L96
Found project directory: 036-my-project
----------------------------------------
[SUCCESS LOG]
[2025-01-03 02:33:22]
=> /home/ywatanabe/proj/llemacs/llemacs.el/06-llemacs-project/project_collect_context.el: L96
Found project directory: 036-my-project
----------------------------------------
[SUCCESS LOG]
[2025-01-03 02:33:22]
=> /home/ywatanabe/proj/llemacs/llemacs.el/06-llemacs-project/project_collect_context.el: L96
Found project directory: 036-my-project
----------------------------------------
[SUCCESS LOG]
[2025-01-03 02:33:22]
=> /home/ywatanabe/proj/llemacs/llemacs.el/06-llemacs-project/project_collect_context.el: L96
Found project directory: 036-my-project
----------------------------------------
[SUCCESS LOG]
[2025-01-03 02:33:22]
=> /home/ywatanabe/proj/llemacs/llemacs.el/06-llemacs-project/project_collect_context.el: L96
Found project directory: 036-my-project
----------------------------------------
[SUCCESS LOG]
[2025-01-03 02:33:22]
=> /home/ywatanabe/proj/llemacs/llemacs.el/06-llemacs-project/project_collect_context.el: L96
Found project directory: 036-my-project
----------------------------------------
[SUCCESS LOG]
[2025-01-03 02:33:22]
=> /home/ywatanabe/proj/llemacs/llemacs.el/06-llemacs-project/project_collect_context.el: L96
Found project directory: 036-my-project
----------------------------------------
[SUCCESS LOG]
[2025-01-03 02:33:22]
=> /home/ywatanabe/proj/llemacs/llemacs.el/06-llemacs-project/project_collect_context.el: L96
Found project directory: 036-my-project
----------------------------------------
[SUCCESS LOG]
[2025-01-03 02:33:22]
=> /home/ywatanabe/proj/llemacs/llemacs.el/06-llemacs-project/project_collect_context.el: L96
Found project directory: 036-my-project
----------------------------------------
[SUCCESS LOG]
[2025-01-03 02:33:22]
=> /home/ywatanabe/proj/llemacs/llemacs.el/06-llemacs-project/project_collect_context.el: L96
Found project directory: 036-my-project
----------------------------------------
[SUCCESS LOG]
[2025-01-03 02:33:22]
=> /home/ywatanabe/proj/llemacs/llemacs.el/06-llemacs-project/project_collect_context.el: L96
Found project directory: 036-my-project
----------------------------------------
[SUCCESS LOG]
[2025-01-03 02:33:22]
=> /home/ywatanabe/proj/llemacs/llemacs.el/06-llemacs-project/project_collect_context.el: L96
Found project directory: 036-my-project
----------------------------------------
[SUCCESS LOG]
[2025-01-03 02:33:22]
=> /home/ywatanabe/proj/llemacs/llemacs.el/06-llemacs-project/project_collect_context.el: L96
Found project directory: 036-my-project
----------------------------------------
[SUCCESS LOG]
[2025-01-03 02:33:22]
=> /home/ywatanabe/proj/llemacs/llemacs.el/06-llemacs-project/project_collect_context.el: L96
Found project directory: 036-my-project
----------------------------------------
[SUCCESS LOG]
[2025-01-03 02:33:22]
=> /home/ywatanabe/proj/llemacs/llemacs.el/06-llemacs-project/project_collect_context.el: L96
Found project directory: 036-my-project
----------------------------------------
[SUCCESS LOG]
[2025-01-03 02:34:02]
=> /home/ywatanabe/proj/llemacs/llemacs.el/06-llemacs-project/project_collect_context.el: L98
Found project directory: 036-my-project
----------------------------------------
[SUCCESS LOG]
[2025-01-03 02:34:02]
=> /home/ywatanabe/proj/llemacs/llemacs.el/06-llemacs-project/project_collect_context.el: L98
Found project directory: 036-my-project
----------------------------------------
[SUCCESS LOG]
[2025-01-03 02:34:02]
=> /home/ywatanabe/proj/llemacs/llemacs.el/06-llemacs-project/project_collect_context.el: L98
Found project directory: 036-my-project
----------------------------------------
[SUCCESS LOG]
[2025-01-03 02:34:02]
=> /home/ywatanabe/proj/llemacs/llemacs.el/06-llemacs-project/project_collect_context.el: L98
Found project directory: 036-my-project
----------------------------------------
[SUCCESS LOG]
[2025-01-03 02:34:02]
=> /home/ywatanabe/proj/llemacs/llemacs.el/06-llemacs-project/project_collect_context.el: L98
Found project directory: 036-my-project
----------------------------------------
[SUCCESS LOG]
[2025-01-03 02:34:02]
=> /home/ywatanabe/proj/llemacs/llemacs.el/06-llemacs-project/project_collect_context.el: L98
Found project directory: 036-my-project
----------------------------------------
[SUCCESS LOG]
[2025-01-03 02:34:02]
=> /home/ywatanabe/proj/llemacs/llemacs.el/06-llemacs-project/project_collect_context.el: L98
Found project directory: 036-my-project
----------------------------------------
[SUCCESS LOG]
[2025-01-03 02:34:02]
=> /home/ywatanabe/proj/llemacs/llemacs.el/06-llemacs-project/project_collect_context.el: L98
Found project directory: 036-my-project
----------------------------------------
[SUCCESS LOG]
[2025-01-03 02:34:02]
=> /home/ywatanabe/proj/llemacs/llemacs.el/06-llemacs-project/project_collect_context.el: L98
Found project directory: 036-my-project
----------------------------------------
[SUCCESS LOG]
[2025-01-03 02:34:02]
=> /home/ywatanabe/proj/llemacs/llemacs.el/06-llemacs-project/project_collect_context.el: L98
Found project directory: 036-my-project
----------------------------------------
[SUCCESS LOG]
[2025-01-03 02:34:03]
=> /home/ywatanabe/proj/llemacs/llemacs.el/06-llemacs-project/project_collect_context.el: L98
Found project directory: 036-my-project
----------------------------------------
[SUCCESS LOG]
[2025-01-03 02:34:03]
=> /home/ywatanabe/proj/llemacs/llemacs.el/06-llemacs-project/project_collect_context.el: L98
Found project directory: 036-my-project
----------------------------------------
[SUCCESS LOG]
[2025-01-03 02:34:03]
=> /home/ywatanabe/proj/llemacs/llemacs.el/06-llemacs-project/project_collect_context.el: L98
Found project directory: 036-my-project
----------------------------------------
[SUCCESS LOG]
[2025-01-03 02:34:03]
=> /home/ywatanabe/proj/llemacs/llemacs.el/06-llemacs-project/project_collect_context.el: L98
Found project directory: 036-my-project
----------------------------------------
[SUCCESS LOG]
[2025-01-03 02:34:03]
=> /home/ywatanabe/proj/llemacs/llemacs.el/06-llemacs-project/project_collect_context.el: L98
Found project directory: 036-my-project
----------------------------------------
[SUCCESS LOG]
[2025-01-03 02:34:03]
=> /home/ywatanabe/proj/llemacs/llemacs.el/06-llemacs-project/project_collect_context.el: L98
Found project directory: 036-my-project
----------------------------------------
[SUCCESS LOG]
[2025-01-03 02:34:03]
=> /home/ywatanabe/proj/llemacs/llemacs.el/06-llemacs-project/project_collect_context.el: L98
Found project directory: 036-my-project
----------------------------------------
[SUCCESS LOG]
[2025-01-03 02:35:05]
=> /home/ywatanabe/proj/llemacs/llemacs.el/06-llemacs-project/project_collect_context.el: L98
Found project directory: 036-my-project
----------------------------------------
[SUCCESS LOG]
[2025-01-03 02:35:05]
=> /home/ywatanabe/proj/llemacs/llemacs.el/06-llemacs-project/project_collect_context.el: L98
Found project directory: 036-my-project
----------------------------------------
[SUCCESS LOG]
[2025-01-03 02:35:05]
=> /home/ywatanabe/proj/llemacs/llemacs.el/06-llemacs-project/project_collect_context.el: L98
Found project directory: 036-my-project
----------------------------------------
[SUCCESS LOG]
[2025-01-03 02:35:05]
=> /home/ywatanabe/proj/llemacs/llemacs.el/06-llemacs-project/project_collect_context.el: L98
Found project directory: 036-my-project
----------------------------------------
[SUCCESS LOG]
[2025-01-03 02:35:05]
=> /home/ywatanabe/proj/llemacs/llemacs.el/06-llemacs-project/project_collect_context.el: L98
Found project directory: 036-my-project
----------------------------------------
[SUCCESS LOG]
[2025-01-03 02:35:05]
=> /home/ywatanabe/proj/llemacs/llemacs.el/06-llemacs-project/project_collect_context.el: L98
Found project directory: 036-my-project
----------------------------------------
[SUCCESS LOG]
[2025-01-03 02:35:05]
=> /home/ywatanabe/proj/llemacs/llemacs.el/06-llemacs-project/project_collect_context.el: L98
Found project directory: 036-my-project
----------------------------------------
[SUCCESS LOG]
[2025-01-03 02:35:05]
=> /home/ywatanabe/proj/llemacs/llemacs.el/06-llemacs-project/project_collect_context.el: L98
Found project directory: 036-my-project
----------------------------------------
[SUCCESS LOG]
[2025-01-03 02:35:05]
=> /home/ywatanabe/proj/llemacs/llemacs.el/06-llemacs-project/project_collect_context.el: L98
Found project directory: 036-my-project
----------------------------------------
[SUCCESS LOG]
[2025-01-03 02:35:05]
=> /home/ywatanabe/proj/llemacs/llemacs.el/06-llemacs-project/project_collect_context.el: L98
Found project directory: 036-my-project
----------------------------------------
[SUCCESS LOG]
[2025-01-03 02:35:05]
=> /home/ywatanabe/proj/llemacs/llemacs.el/06-llemacs-project/project_collect_context.el: L98
Found project directory: 036-my-project
----------------------------------------
[SUCCESS LOG]
[2025-01-03 02:35:05]
=> /home/ywatanabe/proj/llemacs/llemacs.el/06-llemacs-project/project_collect_context.el: L98
Found project directory: 036-my-project
----------------------------------------
[SUCCESS LOG]
[2025-01-03 02:35:05]
=> /home/ywatanabe/proj/llemacs/llemacs.el/06-llemacs-project/project_collect_context.el: L98
Found project directory: 036-my-project
----------------------------------------
[SUCCESS LOG]
[2025-01-03 02:35:05]
=> /home/ywatanabe/proj/llemacs/llemacs.el/06-llemacs-project/project_collect_context.el: L98
Found project directory: 036-my-project
----------------------------------------
[SUCCESS LOG]
[2025-01-03 02:35:05]
=> /home/ywatanabe/proj/llemacs/llemacs.el/06-llemacs-project/project_collect_context.el: L98
Found project directory: 036-my-project
----------------------------------------
[SUCCESS LOG]
[2025-01-03 02:35:05]
=> /home/ywatanabe/proj/llemacs/llemacs.el/06-llemacs-project/project_collect_context.el: L98
Found project directory: 036-my-project
----------------------------------------
[SUCCESS LOG]
[2025-01-03 02:35:05]
=> /home/ywatanabe/proj/llemacs/llemacs.el/06-llemacs-project/project_collect_context.el: L98
Found project directory: 036-my-project
----------------------------------------
[SUCCESS LOG]
[2025-01-03 02:35:27]
=> /home/ywatanabe/proj/llemacs/llemacs.el/06-llemacs-project/project_collect_context.el: L98
Found project directory: 036-my-project
----------------------------------------
[SUCCESS LOG]
[2025-01-03 02:35:27]
=> /home/ywatanabe/proj/llemacs/llemacs.el/06-llemacs-project/project_collect_context.el: L98
Found project directory: 036-my-project
----------------------------------------
[SUCCESS LOG]
[2025-01-03 02:35:27]
=> /home/ywatanabe/proj/llemacs/llemacs.el/06-llemacs-project/project_collect_context.el: L98
Found project directory: 036-my-project
----------------------------------------
[SUCCESS LOG]
[2025-01-03 02:35:27]
=> /home/ywatanabe/proj/llemacs/llemacs.el/06-llemacs-project/project_collect_context.el: L98
Found project directory: 036-my-project
----------------------------------------
[SUCCESS LOG]
[2025-01-03 02:35:27]
=> /home/ywatanabe/proj/llemacs/llemacs.el/06-llemacs-project/project_collect_context.el: L98
Found project directory: 036-my-project
----------------------------------------
[SUCCESS LOG]
[2025-01-03 02:35:27]
=> /home/ywatanabe/proj/llemacs/llemacs.el/06-llemacs-project/project_collect_context.el: L98
Found project directory: 036-my-project
----------------------------------------
[SUCCESS LOG]
[2025-01-03 02:35:27]
=> /home/ywatanabe/proj/llemacs/llemacs.el/06-llemacs-project/project_collect_context.el: L98
Found project directory: 036-my-project
----------------------------------------
[SUCCESS LOG]
[2025-01-03 02:35:27]
=> /home/ywatanabe/proj/llemacs/llemacs.el/06-llemacs-project/project_collect_context.el: L98
Found project directory: 036-my-project
----------------------------------------
[SUCCESS LOG]
[2025-01-03 02:35:27]
=> /home/ywatanabe/proj/llemacs/llemacs.el/06-llemacs-project/project_collect_context.el: L98
Found project directory: 036-my-project
----------------------------------------
[SUCCESS LOG]
[2025-01-03 02:35:27]
=> /home/ywatanabe/proj/llemacs/llemacs.el/06-llemacs-project/project_collect_context.el: L98
Found project directory: 036-my-project
----------------------------------------
[SUCCESS LOG]
[2025-01-03 02:35:27]
=> /home/ywatanabe/proj/llemacs/llemacs.el/06-llemacs-project/project_collect_context.el: L98
Found project directory: 036-my-project
----------------------------------------
[SUCCESS LOG]
[2025-01-03 02:35:27]
=> /home/ywatanabe/proj/llemacs/llemacs.el/06-llemacs-project/project_collect_context.el: L98
Found project directory: 036-my-project
----------------------------------------
[SUCCESS LOG]
[2025-01-03 02:35:27]
=> /home/ywatanabe/proj/llemacs/llemacs.el/06-llemacs-project/project_collect_context.el: L98
Found project directory: 036-my-project
----------------------------------------
[SUCCESS LOG]
[2025-01-03 02:35:27]
=> /home/ywatanabe/proj/llemacs/llemacs.el/06-llemacs-project/project_collect_context.el: L98
Found project directory: 036-my-project
----------------------------------------
[SUCCESS LOG]
[2025-01-03 02:35:27]
=> /home/ywatanabe/proj/llemacs/llemacs.el/06-llemacs-project/project_collect_context.el: L98
Found project directory: 036-my-project
----------------------------------------
[SUCCESS LOG]
[2025-01-03 02:35:27]
=> /home/ywatanabe/proj/llemacs/llemacs.el/06-llemacs-project/project_collect_context.el: L98
Found project directory: 036-my-project
----------------------------------------
[SUCCESS LOG]
[2025-01-03 02:35:27]
=> /home/ywatanabe/proj/llemacs/llemacs.el/06-llemacs-project/project_collect_context.el: L98
Found project directory: 036-my-project
----------------------------------------
[SUCCESS LOG]
[2025-01-03 02:35:46]
=> /home/ywatanabe/proj/llemacs/llemacs.el/06-llemacs-project/project_collect_context.el: L98
Found project directory: 036-my-project
----------------------------------------
[SUCCESS LOG]
[2025-01-03 02:35:46]
=> /home/ywatanabe/proj/llemacs/llemacs.el/06-llemacs-project/project_collect_context.el: L98
Found project directory: 036-my-project
----------------------------------------
[SUCCESS LOG]
[2025-01-03 02:35:46]
=> /home/ywatanabe/proj/llemacs/llemacs.el/06-llemacs-project/project_collect_context.el: L98
Found project directory: 036-my-project
----------------------------------------
[SUCCESS LOG]
[2025-01-03 02:35:46]
=> /home/ywatanabe/proj/llemacs/llemacs.el/06-llemacs-project/project_collect_context.el: L98
Found project directory: 036-my-project
----------------------------------------
[SUCCESS LOG]
[2025-01-03 02:35:46]
=> /home/ywatanabe/proj/llemacs/llemacs.el/06-llemacs-project/project_collect_context.el: L98
Found project directory: 036-my-project
----------------------------------------
[SUCCESS LOG]
[2025-01-03 02:35:46]
=> /home/ywatanabe/proj/llemacs/llemacs.el/06-llemacs-project/project_collect_context.el: L98
Found project directory: 036-my-project
----------------------------------------
[SUCCESS LOG]
[2025-01-03 02:35:46]
=> /home/ywatanabe/proj/llemacs/llemacs.el/06-llemacs-project/project_collect_context.el: L98
Found project directory: 036-my-project
----------------------------------------
[SUCCESS LOG]
[2025-01-03 02:35:46]
=> /home/ywatanabe/proj/llemacs/llemacs.el/06-llemacs-project/project_collect_context.el: L98
Found project directory: 036-my-project
----------------------------------------
[SUCCESS LOG]
[2025-01-03 02:35:46]
=> /home/ywatanabe/proj/llemacs/llemacs.el/06-llemacs-project/project_collect_context.el: L98
Found project directory: 036-my-project
----------------------------------------
[SUCCESS LOG]
[2025-01-03 02:35:46]
=> /home/ywatanabe/proj/llemacs/llemacs.el/06-llemacs-project/project_collect_context.el: L98
Found project directory: 036-my-project
----------------------------------------
[SUCCESS LOG]
[2025-01-03 02:35:46]
=> /home/ywatanabe/proj/llemacs/llemacs.el/06-llemacs-project/project_collect_context.el: L98
Found project directory: 036-my-project
----------------------------------------
[SUCCESS LOG]
[2025-01-03 02:35:46]
=> /home/ywatanabe/proj/llemacs/llemacs.el/06-llemacs-project/project_collect_context.el: L98
Found project directory: 036-my-project
----------------------------------------
[SUCCESS LOG]
[2025-01-03 02:35:46]
=> /home/ywatanabe/proj/llemacs/llemacs.el/06-llemacs-project/project_collect_context.el: L98
Found project directory: 036-my-project
----------------------------------------
[SUCCESS LOG]
[2025-01-03 02:35:46]
=> /home/ywatanabe/proj/llemacs/llemacs.el/06-llemacs-project/project_collect_context.el: L98
Found project directory: 036-my-project
----------------------------------------
[SUCCESS LOG]
[2025-01-03 02:35:46]
=> /home/ywatanabe/proj/llemacs/llemacs.el/06-llemacs-project/project_collect_context.el: L98
Found project directory: 036-my-project
----------------------------------------
[SUCCESS LOG]
[2025-01-03 02:35:46]
=> /home/ywatanabe/proj/llemacs/llemacs.el/06-llemacs-project/project_collect_context.el: L98
Found project directory: 036-my-project
----------------------------------------
[SUCCESS LOG]
[2025-01-03 02:35:46]
=> /home/ywatanabe/proj/llemacs/llemacs.el/06-llemacs-project/project_collect_context.el: L98
Found project directory: 036-my-project
----------------------------------------
[SUCCESS LOG]
[2025-01-03 02:36:31]
=> /home/ywatanabe/proj/llemacs/llemacs.el/06-llemacs-project/project_collect_context.el: L98
Found project directory: 036-my-project
----------------------------------------
[SUCCESS LOG]
[2025-01-03 02:36:31]
=> /home/ywatanabe/proj/llemacs/llemacs.el/06-llemacs-project/project_collect_context.el: L98
Found project directory: 036-my-project
----------------------------------------
[SUCCESS LOG]
[2025-01-03 02:36:31]
=> /home/ywatanabe/proj/llemacs/llemacs.el/06-llemacs-project/project_collect_context.el: L98
Found project directory: 036-my-project
----------------------------------------
[SUCCESS LOG]
[2025-01-03 02:36:31]
=> /home/ywatanabe/proj/llemacs/llemacs.el/06-llemacs-project/project_collect_context.el: L98
Found project directory: 036-my-project
----------------------------------------
[SUCCESS LOG]
[2025-01-03 02:36:31]
=> /home/ywatanabe/proj/llemacs/llemacs.el/06-llemacs-project/project_collect_context.el: L98
Found project directory: 036-my-project
----------------------------------------
[SUCCESS LOG]
[2025-01-03 02:36:31]
=> /home/ywatanabe/proj/llemacs/llemacs.el/06-llemacs-project/project_collect_context.el: L98
Found project directory: 036-my-project
----------------------------------------
[SUCCESS LOG]
[2025-01-03 02:36:31]
=> /home/ywatanabe/proj/llemacs/llemacs.el/06-llemacs-project/project_collect_context.el: L98
Found project directory: 036-my-project
----------------------------------------
[SUCCESS LOG]
[2025-01-03 02:36:31]
=> /home/ywatanabe/proj/llemacs/llemacs.el/06-llemacs-project/project_collect_context.el: L98
Found project directory: 036-my-project
----------------------------------------
[SUCCESS LOG]
[2025-01-03 02:36:31]
=> /home/ywatanabe/proj/llemacs/llemacs.el/06-llemacs-project/project_collect_context.el: L98
Found project directory: 036-my-project
----------------------------------------
[SUCCESS LOG]
[2025-01-03 02:36:31]
=> /home/ywatanabe/proj/llemacs/llemacs.el/06-llemacs-project/project_collect_context.el: L98
Found project directory: 036-my-project
----------------------------------------
[SUCCESS LOG]
[2025-01-03 02:36:31]
=> /home/ywatanabe/proj/llemacs/llemacs.el/06-llemacs-project/project_collect_context.el: L98
Found project directory: 036-my-project
----------------------------------------
[SUCCESS LOG]
[2025-01-03 02:36:31]
=> /home/ywatanabe/proj/llemacs/llemacs.el/06-llemacs-project/project_collect_context.el: L98
Found project directory: 036-my-project
----------------------------------------
[SUCCESS LOG]
[2025-01-03 02:36:31]
=> /home/ywatanabe/proj/llemacs/llemacs.el/06-llemacs-project/project_collect_context.el: L98
Found project directory: 036-my-project
----------------------------------------
[SUCCESS LOG]
[2025-01-03 02:36:31]
=> /home/ywatanabe/proj/llemacs/llemacs.el/06-llemacs-project/project_collect_context.el: L98
Found project directory: 036-my-project
----------------------------------------
[SUCCESS LOG]
[2025-01-03 02:36:31]
=> /home/ywatanabe/proj/llemacs/llemacs.el/06-llemacs-project/project_collect_context.el: L98
Found project directory: 036-my-project
----------------------------------------
[SUCCESS LOG]
[2025-01-03 02:36:31]
=> /home/ywatanabe/proj/llemacs/llemacs.el/06-llemacs-project/project_collect_context.el: L98
Found project directory: 036-my-project
----------------------------------------
[SUCCESS LOG]
[2025-01-03 02:36:31]
=> /home/ywatanabe/proj/llemacs/llemacs.el/06-llemacs-project/project_collect_context.el: L98
Found project directory: 036-my-project
----------------------------------------
[SUCCESS LOG]
[2025-01-03 02:36:53]
=> /home/ywatanabe/proj/llemacs/llemacs.el/06-llemacs-project/project_collect_context.el: L98
Found project directory: 036-my-project
----------------------------------------
[SUCCESS LOG]
[2025-01-03 02:36:53]
=> /home/ywatanabe/proj/llemacs/llemacs.el/06-llemacs-project/project_collect_context.el: L98
Found project directory: 036-my-project
----------------------------------------
[SUCCESS LOG]
[2025-01-03 02:36:53]
=> /home/ywatanabe/proj/llemacs/llemacs.el/06-llemacs-project/project_collect_context.el: L98
Found project directory: 036-my-project
----------------------------------------
[SUCCESS LOG]
[2025-01-03 02:36:53]
=> /home/ywatanabe/proj/llemacs/llemacs.el/06-llemacs-project/project_collect_context.el: L98
Found project directory: 036-my-project
----------------------------------------
[SUCCESS LOG]
[2025-01-03 02:36:53]
=> /home/ywatanabe/proj/llemacs/llemacs.el/06-llemacs-project/project_collect_context.el: L98
Found project directory: 036-my-project
----------------------------------------
[SUCCESS LOG]
[2025-01-03 02:36:53]
=> /home/ywatanabe/proj/llemacs/llemacs.el/06-llemacs-project/project_collect_context.el: L98
Found project directory: 036-my-project
----------------------------------------
[SUCCESS LOG]
[2025-01-03 02:36:53]
=> /home/ywatanabe/proj/llemacs/llemacs.el/06-llemacs-project/project_collect_context.el: L98
Found project directory: 036-my-project
----------------------------------------
[SUCCESS LOG]
[2025-01-03 02:36:53]
=> /home/ywatanabe/proj/llemacs/llemacs.el/06-llemacs-project/project_collect_context.el: L98
Found project directory: 036-my-project
----------------------------------------
[SUCCESS LOG]
[2025-01-03 02:36:53]
=> /home/ywatanabe/proj/llemacs/llemacs.el/06-llemacs-project/project_collect_context.el: L98
Found project directory: 036-my-project
----------------------------------------
[SUCCESS LOG]
[2025-01-03 02:36:53]
=> /home/ywatanabe/proj/llemacs/llemacs.el/06-llemacs-project/project_collect_context.el: L98
Found project directory: 036-my-project
----------------------------------------
[SUCCESS LOG]
[2025-01-03 02:36:53]
=> /home/ywatanabe/proj/llemacs/llemacs.el/06-llemacs-project/project_collect_context.el: L98
Found project directory: 036-my-project
----------------------------------------
[SUCCESS LOG]
[2025-01-03 02:36:53]
=> /home/ywatanabe/proj/llemacs/llemacs.el/06-llemacs-project/project_collect_context.el: L98
Found project directory: 036-my-project
----------------------------------------
[SUCCESS LOG]
[2025-01-03 02:36:53]
=> /home/ywatanabe/proj/llemacs/llemacs.el/06-llemacs-project/project_collect_context.el: L98
Found project directory: 036-my-project
----------------------------------------
[SUCCESS LOG]
[2025-01-03 02:36:53]
=> /home/ywatanabe/proj/llemacs/llemacs.el/06-llemacs-project/project_collect_context.el: L98
Found project directory: 036-my-project
----------------------------------------
[SUCCESS LOG]
[2025-01-03 02:36:53]
=> /home/ywatanabe/proj/llemacs/llemacs.el/06-llemacs-project/project_collect_context.el: L98
Found project directory: 036-my-project
----------------------------------------
[SUCCESS LOG]
[2025-01-03 02:36:53]
=> /home/ywatanabe/proj/llemacs/llemacs.el/06-llemacs-project/project_collect_context.el: L98
Found project directory: 036-my-project
----------------------------------------
[SUCCESS LOG]
[2025-01-03 02:36:53]
=> /home/ywatanabe/proj/llemacs/llemacs.el/06-llemacs-project/project_collect_context.el: L98
Found project directory: 036-my-project
----------------------------------------
[SUCCESS LOG]
[2025-01-03 03:08:11]
=> /home/ywatanabe/proj/llemacs/workspace/projects/036-my-project/results/report_20250103-030808.org: L1
Report generation completed successfully
----------------------------------------
[SUCCESS LOG]
[2025-01-03 03:33:18]
=> /home/ywatanabe/proj/llemacs/README.md: L35
Project initialized: 038-dsp-project
Project directory: /home/ywatanabe/proj/llemacs/workspace/projects/038-dsp-project
----------------------------------------
[SUCCESS LOG]
[2025-01-03 03:34:04]
=> /home/ywatanabe/proj/llemacs/README.md: L35
Project initialized: 039-dsp-project
Project directory: /home/ywatanabe/proj/llemacs/workspace/projects/039-dsp-project
